<?xml version="1.0" encoding="UTF-8"?>
<!-- Generated by org.testng.reporters.JUnitReportReporter -->
<testsuite hostname="LENOVO-PC" failures="0" tests="1" name="example.SampleTest" time="5.574" errors="0" timestamp="05 Oct 2018 02:58:39 GMT" skipped="0">
  <testcase classname="example.SampleTest" name="temp" time="5.574"/>
</testsuite> <!-- example.SampleTest -->
