<?xml version="1.0" encoding="UTF-8"?>
<!-- Generated by org.testng.reporters.JUnitReportReporter -->
<testsuite hostname="LENOVO-PC" failures="0" tests="1" name="example.SampleTest" time="4.755" errors="0" timestamp="02 Oct 2018 11:02:58 GMT" skipped="0">
  <testcase classname="example.SampleTest" name="temp" time="4.755"/>
</testsuite> <!-- example.SampleTest -->
