<?xml version="1.0" encoding="UTF-8"?>
<!-- Generated by org.testng.reporters.JUnitReportReporter -->
<testsuite skipped="0" hostname="mamta-PC" name="example.SampleTest" tests="1" failures="0" timestamp="09 Sep 2018 07:37:02 GMT" time="6.924" errors="0">
  <testcase name="temp" time="6.924" classname="example.SampleTest"/>
</testsuite> <!-- example.SampleTest -->
