<?xml version="1.0" encoding="UTF-8"?>
<!-- Generated by org.testng.reporters.JUnitReportReporter -->
<testsuite hostname="LENOVO-PC" failures="0" tests="4" name="example.Test1" time="0.020" errors="0" timestamp="04 Dec 2018 18:28:08 GMT" skipped="0">
  <testcase classname="example.Test1" name="method3Test1" time="0.002"/>
  <testcase classname="example.Test1" name="methodTest1" time="0.002"/>
  <testcase classname="example.Test1" name="method2Test1" time="0.012"/>
  <testcase classname="example.Test1" name="method4Test1" time="0.004"/>
</testsuite> <!-- example.Test1 -->
