<?xml version="1.0" encoding="UTF-8"?>
<!-- Generated by org.testng.reporters.JUnitReportReporter -->
<testsuite hostname="LENOVO-PC" failures="0" tests="1" name="example.SampleTest" time="6.864" errors="0" timestamp="29 Nov 2018 17:55:59 GMT" skipped="0">
  <testcase classname="example.SampleTest" name="temp" time="6.864"/>
</testsuite> <!-- example.SampleTest -->
