<?xml version="1.0" encoding="UTF-8"?>
<!-- Generated by org.testng.reporters.JUnitReportReporter -->
<testsuite hostname="LENOVO-PC" failures="0" tests="3" name="example.Test1" time="0.025" errors="0" timestamp="03 Dec 2018 17:32:25 GMT" skipped="0">
  <testcase classname="example.Test1" name="method2Test1" time="0.021"/>
  <testcase classname="example.Test1" name="method3Test1" time="0.002"/>
  <testcase classname="example.Test1" name="methodTest1" time="0.002"/>
</testsuite> <!-- example.Test1 -->
