<?xml version="1.0" encoding="UTF-8"?>
<!-- Generated by org.testng.reporters.JUnitReportReporter -->
<testsuite hostname="LENOVO-PC" failures="0" tests="1" name="testNG_Example.WebSitetitleValidation" time="25.233" errors="0" timestamp="06 Dec 2018 17:52:36 GMT" skipped="0">
  <testcase classname="testNG_Example.WebSitetitleValidation" name="titlevalidation" time="25.233"/>
</testsuite> <!-- testNG_Example.WebSitetitleValidation -->
