<?xml version="1.0" encoding="UTF-8"?>
<!-- Generated by org.testng.reporters.JUnitReportReporter -->
<testsuite hostname="LENOVO-PC" failures="0" tests="1" name="example.ExtentReportExample" time="0.047" errors="0" timestamp="03 Dec 2018 18:20:14 GMT" skipped="0">
  <testcase classname="example.ExtentReportExample" name="testcase" time="0.047"/>
</testsuite> <!-- example.ExtentReportExample -->
