<?xml version="1.0" encoding="UTF-8"?>
<!-- Generated by org.testng.reporters.JUnitReportReporter -->
<testsuite hostname="LENOVO-PC" failures="0" tests="5" name="testNG_Example.GroupExample" time="0.036" errors="0" timestamp="02 Nov 2018 15:30:19 GMT" skipped="0">
  <testcase classname="testNG_Example.GroupExample" name="method2" time="0.002"/>
  <testcase classname="testNG_Example.GroupExample" name="method5" time="0.001"/>
  <testcase classname="testNG_Example.GroupExample" name="method3" time="0.002"/>
  <testcase classname="testNG_Example.GroupExample" name="method4" time="0.002"/>
  <testcase classname="testNG_Example.GroupExample" name="method1" time="0.029"/>
</testsuite> <!-- testNG_Example.GroupExample -->
