<?xml version="1.0" encoding="UTF-8"?>
<!-- Generated by org.testng.reporters.JUnitReportReporter -->
<testsuite hostname="LENOVO-PC" failures="0" tests="1" name="example.SampleTest" time="17.137" errors="0" timestamp="06 Dec 2018 17:59:18 GMT" skipped="0">
  <testcase classname="example.SampleTest" name="temp" time="17.137"/>
</testsuite> <!-- example.SampleTest -->
