<?xml version="1.0" encoding="UTF-8"?>
<!-- Generated by org.testng.reporters.JUnitReportReporter -->
<testsuite hostname="LENOVO-PC" failures="0" tests="3" name="example.Test2" time="0.021" errors="0" timestamp="03 Dec 2018 17:32:15 GMT" skipped="0">
  <testcase classname="example.Test2" name="method2Test2" time="0.018"/>
  <testcase classname="example.Test2" name="method3Test2" time="0.002"/>
  <testcase classname="example.Test2" name="methodTest2" time="0.001"/>
</testsuite> <!-- example.Test2 -->
